
Showing logs for build [32mcb-kubecd-environment-pr-190-1-9tqnt-1[0m stage [32mfrom-build-pack[0m and container [32mstep-credential-initializer-kmlrr[0m
{"level":"warn","ts":1585233694.857875,"logger":"fallback-logger","caller":"logging/config.go:69","msg":"Fetch GitHub commit ID from kodata failed: \"ref: refs/heads/0.8.0-**-support-backwards-incompats\" is not a valid GitHub commit ID"}
{"level":"info","ts":1585233694.8587387,"logger":"fallback-logger","caller":"creds-init/main.go:40","msg":"Credentials initialized."}

Showing logs for build [32mcb-kubecd-environment-pr-190-1-9tqnt-1[0m stage [32mfrom-build-pack[0m and container [32mstep-working-dir-initializer-gbb4f[0m
{"level":"warn","ts":1585233695.514959,"logger":"fallback-logger","caller":"logging/config.go:69","msg":"Fetch GitHub commit ID from kodata failed: open /var/run/ko/HEAD: no such file or directory"}
{"level":"info","ts":1585233695.5163517,"logger":"fallback-logger","caller":"bash/main.go:64","msg":"Successfully executed command \"sh -c mkdir -p /workspace/source\"; output "}

Showing logs for build [32mcb-kubecd-environment-pr-190-1-9tqnt-1[0m stage [32mfrom-build-pack[0m and container [32mstep-place-tools[0m

Showing logs for build [32mcb-kubecd-environment-pr-190-1-9tqnt-1[0m stage [32mfrom-build-pack[0m and container [32mstep-git-source-cb-kubecd-environment-pr-190-1-9tqnt-vbg2s[0m
{"level":"warn","ts":1585233699.701256,"logger":"fallback-logger","caller":"logging/config.go:69","msg":"Fetch GitHub commit ID from kodata failed: \"ref: refs/heads/0.8.0-**-support-backwards-incompats\" is not a valid GitHub commit ID"}
{"level":"info","ts":1585233700.7132463,"logger":"fallback-logger","caller":"git/git.go:103","msg":"Successfully cloned https://github.com/cb-kubecd/environment-pr-190-1-boot-gke-production.git @ master in path /workspace/source"}

Showing logs for build [32mcb-kubecd-environment-pr-190-1-9tqnt-1[0m stage [32mfrom-build-pack[0m and container [32mstep-git-merge[0m
Using SHAs from PULL_REFS=master:b34894178b3ff97cf682692cc174e4b8f8371874,1:678a036b86aab31e227af61f0dd82e5e63c052d7
DEBUG: LC_ALL=C JX_LOG_LEVEL=error git fetch origin --unshallow 678a036b86aab31e227af61f0dd82e5e63c052d7: b34894178b3ff97cf682692cc174e4b8f8371874:
DEBUG: ran git fetch --unshallow origin 678a036b86aab31e227af61f0dd82e5e63c052d7: b34894178b3ff97cf682692cc174e4b8f8371874: in 
DEBUG: LC_ALL=C JX_LOG_LEVEL=error git branch
DEBUG: JX_LOG_LEVEL=error LC_ALL=C git checkout master
DEBUG: ran git checkout master in 
DEBUG: LC_ALL=C JX_LOG_LEVEL=error git reset --hard b34894178b3ff97cf682692cc174e4b8f8371874
DEBUG: ran git reset --hard b34894178b3ff97cf682692cc174e4b8f8371874 in 
DEBUG: LC_ALL=C JX_LOG_LEVEL=error git clean -fd .
DEBUG: ran clean --force -d . in 
DEBUG: JX_LOG_LEVEL=error LC_ALL=C git merge 678a036b86aab31e227af61f0dd82e5e63c052d7
DEBUG: ran git merge 678a036b86aab31e227af61f0dd82e5e63c052d7 in 
DEBUG: LC_ALL=C JX_LOG_LEVEL=error git log --format=%H%x1f%an%x1f%ae%x1f%cn%x1f%ce%x1f%s%n%b%x1e b34894178b3ff97cf682692cc174e4b8f8371874..HEAD
Merged SHA 678a036b86aab31e227af61f0dd82e5e63c052d7 with commit message 'chore: Promote bdd-spring-1585232661 to version 0.0.1' into base branch master

Showing logs for build [32mcb-kubecd-environment-pr-190-1-9tqnt-1[0m stage [32mfrom-build-pack[0m and container [32mstep-build-helm-build[0m
WARNING: No $CHART_REPOSITORY defined so using the default value of: http://jenkins-x-chartmuseum:8080
Adding missing Helm repo: storage.googleapis.com https://storage.googleapis.com/chartmuseum.jenkins-x.io
WARNING: No secrets found on "helm/repos" due: reading the secret "helm/repos" from vault: no secret "helm/repos" not found in vault
Read credentials for https://storage.googleapis.com/chartmuseum.jenkins-x.io from vault helm/repos
Successfully added Helm repository storage.googleapis.com.
Adding missing Helm repo: jenkins-x-chartmuseum http://jenkins-x-chartmuseum:8080
WARNING: No secrets found on "helm/repos" due: reading the secret "helm/repos" from vault: no secret "helm/repos" not found in vault
Read credentials for http://jenkins-x-chartmuseum:8080 from vault helm/repos
Successfully added Helm repository jenkins-x-chartmuseum.
WARNING: No $CHART_REPOSITORY defined so using the default value of: http://jenkins-x-chartmuseum:8080
Adding missing Helm repo: chartmuseum.jenkins-x.io http://chartmuseum.jenkins-x.io
WARNING: No secrets found on "helm/repos" due: reading the secret "helm/repos" from vault: no secret "helm/repos" not found in vault
Read credentials for http://chartmuseum.jenkins-x.io from vault helm/repos
Successfully added Helm repository chartmuseum.jenkins-x.io.
